<?xml version="1.0" encoding="UTF-8"?>
<!-- Generated by org.testng.reporters.JUnitReportReporter -->
<testsuite hostname="LAPTOP-9VQB992G" failures="0" tests="1" name="a.google.Test_HomePage" time="3.115" errors="0" timestamp="2021-09-17T19:01:47 IST" skipped="0">
  <testcase classname="a.google.Test_HomePage" name="homePageTest" time="3.115"/>
  <system-out/>
</testsuite> <!-- a.google.Test_HomePage -->
